0 info it worked if it ends with ok
1 verbose cli [ '/usr/local/Cellar/node/6.2.2/bin/node',
1 verbose cli   '/usr/local/bin/npm',
1 verbose cli   'run',
1 verbose cli   'build-swagger' ]
2 info using npm@3.9.5
3 info using node@v6.2.2
4 verbose run-script [ 'prebuild-swagger', 'build-swagger', 'postbuild-swagger' ]
5 info lifecycle cloudburst-example@0.0.1~prebuild-swagger: cloudburst-example@0.0.1
6 silly lifecycle cloudburst-example@0.0.1~prebuild-swagger: no script for prebuild-swagger, continuing
7 info lifecycle cloudburst-example@0.0.1~build-swagger: cloudburst-example@0.0.1
8 verbose lifecycle cloudburst-example@0.0.1~build-swagger: unsafe-perm in lifecycle true
9 verbose lifecycle cloudburst-example@0.0.1~build-swagger: PATH: /usr/local/lib/node_modules/npm/bin/node-gyp-bin:/Users/mitchell/projects/wxtilesjs-example/node_modules/.bin:/usr/local/Cellar/node/6.2.2/bin:/Library/Java/JavaVirtualMachines/jdk1.8.0_92.jdk/Contents/Home/bin:/usr/local/bin:/usr/local/sbin:/usr/bin:/bin:/usr/sbin:/sbin
10 verbose lifecycle cloudburst-example@0.0.1~build-swagger: CWD: /Users/mitchell/projects/wxtilesjs-example
11 silly lifecycle cloudburst-example@0.0.1~build-swagger: Args: [ '-c',
11 silly lifecycle   'npm run build-swagger-json && npm run build-swagger-js-client' ]
12 silly lifecycle cloudburst-example@0.0.1~build-swagger: Returned: code: 1  signal: null
13 info lifecycle cloudburst-example@0.0.1~build-swagger: Failed to exec build-swagger script
14 verbose stack Error: cloudburst-example@0.0.1 build-swagger: `npm run build-swagger-json && npm run build-swagger-js-client`
14 verbose stack Exit status 1
14 verbose stack     at EventEmitter.<anonymous> (/usr/local/lib/node_modules/npm/lib/utils/lifecycle.js:245:16)
14 verbose stack     at emitTwo (events.js:106:13)
14 verbose stack     at EventEmitter.emit (events.js:191:7)
14 verbose stack     at ChildProcess.<anonymous> (/usr/local/lib/node_modules/npm/lib/utils/spawn.js:24:14)
14 verbose stack     at emitTwo (events.js:106:13)
14 verbose stack     at ChildProcess.emit (events.js:191:7)
14 verbose stack     at maybeClose (internal/child_process.js:852:16)
14 verbose stack     at Process.ChildProcess._handle.onexit (internal/child_process.js:215:5)
15 verbose pkgid cloudburst-example@0.0.1
16 verbose cwd /Users/mitchell/projects/wxtilesjs-example/mapSelector
17 error Darwin 15.5.0
18 error argv "/usr/local/Cellar/node/6.2.2/bin/node" "/usr/local/bin/npm" "run" "build-swagger"
19 error node v6.2.2
20 error npm  v3.9.5
21 error code ELIFECYCLE
22 error cloudburst-example@0.0.1 build-swagger: `npm run build-swagger-json && npm run build-swagger-js-client`
22 error Exit status 1
23 error Failed at the cloudburst-example@0.0.1 build-swagger script 'npm run build-swagger-json && npm run build-swagger-js-client'.
23 error Make sure you have the latest version of node.js and npm installed.
23 error If you do, this is most likely a problem with the cloudburst-example package,
23 error not with npm itself.
23 error Tell the author that this fails on your system:
23 error     npm run build-swagger-json && npm run build-swagger-js-client
23 error You can get information on how to open an issue for this project with:
23 error     npm bugs cloudburst-example
23 error Or if that isn't available, you can get their info via:
23 error     npm owner ls cloudburst-example
23 error There is likely additional logging output above.
24 verbose exit [ 1, true ]
